<?xml version="1.0" encoding="UTF-8"?>
<testsuite xmlns:xsi="http://www.w3.org/2001/XMLSchema-instance" xsi:noNamespaceSchemaLocation="https://maven.apache.org/surefire/maven-surefire-plugin/xsd/surefire-test-report.xsd" name="com.example.kafka.TransactionIntegrationTest" time="9.102" tests="2" errors="0" skipped="0" failures="0">
  <properties>
[...]
</properties>
  <testcase name="testTransactionCommit" classname="com.example.kafka.TransactionIntegrationTest" time="1.427"/>
  <testcase name="testTransactionRollback" classname="com.example.kafka.TransactionIntegrationTest" time="0.674"/>
</testsuite>